Configuring bindings-GLFW-3.1.2.2...
Building bindings-GLFW-3.1.2.2...
Preprocessing library bindings-GLFW-3.1.2.2...
In file included from GLFW.hsc:8:0:
GLFW.hsc: In function ‘main’:
/home/takeyuki/.stack/snapshots/x86_64-linux/lts-7.2/8.0.1/lib/x86_64-linux-ghc-8.0.1/bindings-DSL-1.0.23-GUrVdpTUVQC2JWoov2sGwA/include/bindings.dsl.h:283:21: warning: format ‘%lu’ expects argument of type ‘long unsigned int’, but argument 2 has type ‘int’ [-Wformat=]
              printf("  let s = div %" PRIuMAX " $ sizeOf $ (undefined :: ", \
                     ^
GLFW.hsc:323:5: note: in expansion of macro ‘hsc_stoptype’
/home/takeyuki/.stack/snapshots/x86_64-linux/lts-7.2/8.0.1/lib/x86_64-linux-ghc-8.0.1/bindings-DSL-1.0.23-GUrVdpTUVQC2JWoov2sGwA/include/bindings.dsl.h:315:21: warning: format ‘%lu’ expects argument of type ‘long unsigned int’, but argument 2 has type ‘int’ [-Wformat=]
             printf ("let s = div %" PRIuMAX " $ sizeOf $ (undefined :: ", \
                     ^
GLFW.hsc:323:5: note: in expansion of macro ‘hsc_stoptype’
/home/takeyuki/.stack/snapshots/x86_64-linux/lts-7.2/8.0.1/lib/x86_64-linux-ghc-8.0.1/bindings-DSL-1.0.23-GUrVdpTUVQC2JWoov2sGwA/include/bindings.dsl.h:338:20: warning: format ‘%lu’ expects argument of type ‘long unsigned int’, but argument 2 has type ‘int’ [-Wformat=]
             printf("    let s = div %" PRIuMAX " $ sizeOf $ (undefined :: ", \
                    ^
GLFW.hsc:323:5: note: in expansion of macro ‘hsc_stoptype’
/home/takeyuki/.stack/snapshots/x86_64-linux/lts-7.2/8.0.1/lib/x86_64-linux-ghc-8.0.1/bindings-DSL-1.0.23-GUrVdpTUVQC2JWoov2sGwA/include/bindings.dsl.h:283:21: warning: format ‘%lu’ expects argument of type ‘long unsigned int’, but argument 2 has type ‘int’ [-Wformat=]
              printf("  let s = div %" PRIuMAX " $ sizeOf $ (undefined :: ", \
                     ^
GLFW.hsc:330:5: note: in expansion of macro ‘hsc_stoptype’
/home/takeyuki/.stack/snapshots/x86_64-linux/lts-7.2/8.0.1/lib/x86_64-linux-ghc-8.0.1/bindings-DSL-1.0.23-GUrVdpTUVQC2JWoov2sGwA/include/bindings.dsl.h:315:21: warning: format ‘%lu’ expects argument of type ‘long unsigned int’, but argument 2 has type ‘int’ [-Wformat=]
             printf ("let s = div %" PRIuMAX " $ sizeOf $ (undefined :: ", \
                     ^
GLFW.hsc:330:5: note: in expansion of macro ‘hsc_stoptype’
/home/takeyuki/.stack/snapshots/x86_64-linux/lts-7.2/8.0.1/lib/x86_64-linux-ghc-8.0.1/bindings-DSL-1.0.23-GUrVdpTUVQC2JWoov2sGwA/include/bindings.dsl.h:338:20: warning: format ‘%lu’ expects argument of type ‘long unsigned int’, but argument 2 has type ‘int’ [-Wformat=]
             printf("    let s = div %" PRIuMAX " $ sizeOf $ (undefined :: ", \
                    ^
GLFW.hsc:330:5: note: in expansion of macro ‘hsc_stoptype’
In file included from GLFW.hsc:8:0:
/home/takeyuki/.stack/snapshots/x86_64-linux/lts-7.2/8.0.1/lib/x86_64-linux-ghc-8.0.1/bindings-DSL-1.0.23-GUrVdpTUVQC2JWoov2sGwA/include/bindings.dsl.h:283:21: warning: format ‘%lu’ expects argument of type ‘long unsigned int’, but argument 2 has type ‘int’ [-Wformat=]
              printf("  let s = div %" PRIuMAX " $ sizeOf $ (undefined :: ", \
                     ^
GLFW.hsc:420:5: note: in expansion of macro ‘hsc_stoptype’
/home/takeyuki/.stack/snapshots/x86_64-linux/lts-7.2/8.0.1/lib/x86_64-linux-ghc-8.0.1/bindings-DSL-1.0.23-GUrVdpTUVQC2JWoov2sGwA/include/bindings.dsl.h:315:21: warning: format ‘%lu’ expects argument of type ‘long unsigned int’, but argument 2 has type ‘int’ [-Wformat=]
             printf ("let s = div %" PRIuMAX " $ sizeOf $ (undefined :: ", \
                     ^
GLFW.hsc:420:5: note: in expansion of macro ‘hsc_stoptype’
/home/takeyuki/.stack/snapshots/x86_64-linux/lts-7.2/8.0.1/lib/x86_64-linux-ghc-8.0.1/bindings-DSL-1.0.23-GUrVdpTUVQC2JWoov2sGwA/include/bindings.dsl.h:338:20: warning: format ‘%lu’ expects argument of type ‘long unsigned int’, but argument 2 has type ‘int’ [-Wformat=]
             printf("    let s = div %" PRIuMAX " $ sizeOf $ (undefined :: ", \
                    ^
GLFW.hsc:420:5: note: in expansion of macro ‘hsc_stoptype’
[1 of 1] Compiling Bindings.GLFW    ( .stack-work/dist/x86_64-linux/Cabal-1.24.0.0/build/Bindings/GLFW.hs, .stack-work/dist/x86_64-linux/Cabal-1.24.0.0/build/Bindings/GLFW.o )
Installing library in
/home/takeyuki/.stack/snapshots/x86_64-linux/lts-7.3/8.0.1/lib/x86_64-linux-ghc-8.0.1/bindings-GLFW-3.1.2.2-2GG6GK5a2OkK8NpUgT7p3p
Registering bindings-GLFW-3.1.2.2...
